<?xml version="1.0" encoding="UTF-8"?>
<!-- Generated by org.testng.reporters.JUnitReportReporter -->
<testsuite skipped="0" hostname="DESKTOP-1JVNH60" name="seleniumconcepts.programs.DooubleClick" tests="1" failures="0" timestamp="20 Oct 2017 16:36:35 GMT" time="19.953" errors="0">
  <testcase name="start" time="19.953" classname="seleniumconcepts.programs.DooubleClick"/>
</testsuite> <!-- seleniumconcepts.programs.DooubleClick -->
