<?xml version="1.0" encoding="UTF-8"?>
<!-- Generated by org.testng.reporters.JUnitReportReporter -->
<testsuite skipped="0" hostname="DESKTOP-1JVNH60" name="seleniumconcepts.programs.MouseHover" tests="1" failures="0" timestamp="20 Oct 2017 16:08:03 GMT" time="16.908" errors="0">
  <testcase name="actions" time="16.908" classname="seleniumconcepts.programs.MouseHover"/>
</testsuite> <!-- seleniumconcepts.programs.MouseHover -->
