<?xml version="1.0" encoding="UTF-8"?>
<!-- Generated by org.testng.reporters.JUnitReportReporter -->
<testsuite skipped="0" hostname="DESKTOP-1JVNH60" name="seleniumconcepts.programs.Login" tests="1" failures="0" timestamp="20 Oct 2017 10:23:02 GMT" time="0.016" errors="0">
  <testcase name="Login" time="0.016" classname="seleniumconcepts.programs.Login"/>
</testsuite> <!-- seleniumconcepts.programs.Login -->
