<?xml version="1.0" encoding="UTF-8"?>
<!-- Generated by org.testng.reporters.JUnitReportReporter -->
<testsuite skipped="0" hostname="DESKTOP-1JVNH60" name="seleniumconcepts.programs.ExcelSheet" tests="1" failures="0" timestamp="21 Oct 2017 18:01:08 GMT" time="0.672" errors="0">
  <testcase name="start" time="0.672" classname="seleniumconcepts.programs.ExcelSheet"/>
</testsuite> <!-- seleniumconcepts.programs.ExcelSheet -->
