<?xml version="1.0" encoding="UTF-8"?>
<!-- Generated by org.testng.reporters.JUnitReportReporter -->
<testsuite skipped="0" hostname="DESKTOP-1JVNH60" name="LOG4j.TestLog4j" tests="1" failures="0" timestamp="04 Nov 2017 16:51:59 GMT" time="0.010" errors="0">
  <testcase name="start" time="0.010" classname="LOG4j.TestLog4j"/>
</testsuite> <!-- LOG4j.TestLog4j -->
