<?xml version="1.0" encoding="UTF-8"?>
<!-- Generated by org.testng.reporters.JUnitReportReporter -->
<testsuite skipped="0" hostname="DESKTOP-1JVNH60" name="seleniumconcepts.programs.ExcelSheet2" tests="1" failures="0" timestamp="21 Oct 2017 18:48:42 GMT" time="0.622" errors="0">
  <testcase name="start" time="0.622" classname="seleniumconcepts.programs.ExcelSheet2"/>
</testsuite> <!-- seleniumconcepts.programs.ExcelSheet2 -->
