<?xml version="1.0" encoding="UTF-8"?>
<!-- Generated by org.testng.reporters.JUnitReportReporter -->
<testsuite skipped="0" hostname="DESKTOP-1JVNH60" name="seleniumconcepts.programs.testcaseslistener.TestLogin" tests="1" failures="0" timestamp="29 Oct 2017 19:12:33 GMT" time="25.791" errors="0">
  <testcase name="listeners" time="25.791" classname="seleniumconcepts.programs.testcaseslistener.TestLogin"/>
</testsuite> <!-- seleniumconcepts.programs.testcaseslistener.TestLogin -->
