<?xml version="1.0" encoding="UTF-8"?>
<!-- Generated by org.testng.reporters.JUnitReportReporter -->
<testsuite skipped="0" hostname="DESKTOP-1JVNH60" name="seleniumconcepts.programs.TestXpath1" tests="1" failures="0" timestamp="21 Oct 2017 12:08:59 GMT" time="68.782" errors="0">
  <testcase name="start" time="68.782" classname="seleniumconcepts.programs.TestXpath1"/>
</testsuite> <!-- seleniumconcepts.programs.TestXpath1 -->
